<?xml version="1.0" encoding="UTF-8"?>
<!-- Generated by org.testng.reporters.JUnitReportReporter -->
<testsuite hostname="LAPTOP-M4FQN5ST" failures="0" tests="1" name="TestNG_frame.Second_Test" time="11.173" errors="0" timestamp="2023-09-12T13:17:35 IST" skipped="0">
  <testcase classname="TestNG_frame.Second_Test" name="Myntra" time="11.173"/>
  <system-out/>
</testsuite> <!-- TestNG_frame.Second_Test -->
