<?xml version="1.0" encoding="UTF-8"?>
<!-- Generated by org.testng.reporters.JUnitReportReporter -->
<testsuite hostname="LAPTOP-M4FQN5ST" failures="0" tests="2" name="TestNG_frame.First_Test" time="25.597" errors="0" timestamp="2023-08-10T15:20:29 IST" skipped="0">
  <testcase classname="TestNG_frame.First_Test" name="TestGoogel" time="13.422"/>
  <system-out/>
  <testcase classname="TestNG_frame.First_Test" name="TestFlipkart" time="12.175"/>
  <system-out/>
</testsuite> <!-- TestNG_frame.First_Test -->
